2025-04-01 00:37:36,634 [1] INFO MPP_WindowsForm.Program - Starting application
2025-04-01 00:37:40,099 [1] INFO EmployeeDBRepository - Getting Employee with user a and password a
2025-04-01 00:37:40,326 [1] INFO EmployeeDBRepository - Entity was found
2025-04-01 00:37:40,349 [1] INFO FlightDBRepository - Getting all origins
2025-04-01 00:37:40,358 [1] INFO FlightDBRepository - Getting all departure
2025-04-01 00:37:40,361 [1] INFO FlightDBRepository - Getting all flights
2025-04-01 00:37:40,363 [1] INFO FlightDBRepository - All flights have been retrieved
2025-04-01 00:39:53,470 [1] INFO MPP_WindowsForm.Program - Starting application
2025-04-01 00:39:57,405 [1] INFO EmployeeDBRepository - Getting Employee with user a and password a
2025-04-01 00:39:57,652 [1] INFO EmployeeDBRepository - Entity was found
2025-04-01 00:39:57,670 [1] INFO FlightDBRepository - Getting all origins
2025-04-01 00:39:57,679 [1] INFO FlightDBRepository - Getting all departure
2025-04-01 00:39:57,682 [1] INFO FlightDBRepository - Getting all flights
2025-04-01 00:39:57,685 [1] INFO FlightDBRepository - All flights have been retrieved
2025-04-01 00:41:21,002 [1] INFO MPP_WindowsForm.Program - Starting application
2025-04-01 00:41:24,950 [1] INFO EmployeeDBRepository - Getting Employee with user a and password a
2025-04-01 00:41:25,168 [1] INFO EmployeeDBRepository - Entity was found
2025-04-01 00:41:25,187 [1] INFO FlightDBRepository - Getting all origins
2025-04-01 00:41:25,198 [1] INFO FlightDBRepository - Getting all departure
2025-04-01 00:41:25,201 [1] INFO FlightDBRepository - Getting all flights
2025-04-01 00:41:25,204 [1] INFO FlightDBRepository - All flights have been retrieved
2025-04-01 00:42:05,976 [1] INFO MPP_WindowsForm.Program - Starting application
2025-04-01 00:42:08,303 [1] INFO EmployeeDBRepository - Getting Employee with user a and password a
2025-04-01 00:42:08,565 [1] INFO EmployeeDBRepository - Entity was found
2025-04-01 00:42:08,584 [1] INFO FlightDBRepository - Getting all origins
2025-04-01 00:42:08,593 [1] INFO FlightDBRepository - Getting all departure
2025-04-01 00:42:08,596 [1] INFO FlightDBRepository - Getting all flights
2025-04-01 00:42:08,599 [1] INFO FlightDBRepository - All flights have been retrieved
2025-04-01 00:43:11,387 [1] INFO MPP_WindowsForm.Program - Starting application
2025-04-01 00:43:14,754 [1] INFO EmployeeDBRepository - Getting Employee with user a and password a
2025-04-01 00:43:14,997 [1] INFO EmployeeDBRepository - Entity was found
2025-04-01 00:43:15,022 [1] INFO FlightDBRepository - Getting all origins
2025-04-01 00:43:15,032 [1] INFO FlightDBRepository - Getting all departure
2025-04-01 00:43:15,035 [1] INFO FlightDBRepository - Getting all flights
2025-04-01 00:43:15,037 [1] INFO FlightDBRepository - All flights have been retrieved
2025-04-01 00:43:26,631 [1] INFO MPP_WindowsForm.Program - Starting application
2025-04-01 08:26:32,240 [1] INFO MPP_WindowsForm.Program - Starting application
2025-04-01 08:26:34,518 [1] INFO EmployeeDBRepository - Getting Employee with user a and password a
2025-04-01 08:26:34,799 [1] INFO EmployeeDBRepository - Entity was found
2025-04-01 08:26:34,826 [1] INFO FlightDBRepository - Getting all origins
2025-04-01 08:26:34,838 [1] INFO FlightDBRepository - Getting all departure
2025-04-01 08:26:34,842 [1] INFO FlightDBRepository - Getting all flights
2025-04-01 08:26:34,845 [1] INFO FlightDBRepository - All flights have been retrieved
2025-04-01 08:27:18,071 [1] INFO FlightDBRepository - Finding all flights with destination, departure, and date
2025-04-01 08:27:18,076 [1] INFO FlightDBRepository - All flights have been retrieved
2025-04-01 08:27:25,678 [1] INFO TicketRepository - Saving ticket Ticket number: 1, buyer: dkdkdkdkdkkd, flight: 55
2025-04-01 08:27:25,685 [1] INFO TicketRepository - Ticket saved!
2025-04-01 08:27:25,686 [1] INFO FlightDBRepository - Updating flight with Flight:55 Costa Rica suceava 18 SCV 26/03/2025 8:44:11 pm
2025-04-01 08:27:25,688 [1] INFO FlightDBRepository - Flight Flight:55 Costa Rica suceava 18 SCV 26/03/2025 8:44:11 pm has been saved
2025-04-01 08:27:26,532 [1] INFO FlightDBRepository - Finding all flights with destination, departure, and date
2025-04-01 08:27:26,533 [1] INFO FlightDBRepository - All flights have been retrieved
2025-04-01 08:27:27,195 [1] INFO FlightDBRepository - Getting all origins
2025-04-01 08:27:27,198 [1] INFO FlightDBRepository - Getting all departure
2025-04-01 08:27:27,199 [1] INFO FlightDBRepository - Getting all flights
2025-04-01 08:27:27,200 [1] INFO FlightDBRepository - All flights have been retrieved
2025-04-01 09:09:55,076 [1] INFO MPP_WindowsForm.Program - Starting application
2025-04-01 09:09:58,104 [1] INFO EmployeeDBRepository - Getting Employee with user a and password a
2025-04-01 09:09:58,345 [1] INFO EmployeeDBRepository - Entity was found
2025-04-01 09:09:58,367 [1] INFO FlightDBRepository - Getting all origins
2025-04-01 09:09:58,378 [1] INFO FlightDBRepository - Getting all departure
2025-04-01 09:09:58,380 [1] INFO FlightDBRepository - Getting all flights
2025-04-01 09:09:58,383 [1] INFO FlightDBRepository - All flights have been retrieved
2025-04-01 09:10:14,130 [1] INFO FlightDBRepository - Finding all flights with destination, departure, and date
2025-04-01 09:10:14,167 [1] INFO FlightDBRepository - All flights have been retrieved
2025-04-01 09:10:20,107 [1] INFO FlightDBRepository - Finding all flights with destination, departure, and date
2025-04-01 09:10:20,109 [1] INFO FlightDBRepository - All flights have been retrieved
2025-04-01 09:10:25,398 [1] INFO TicketRepository - Saving ticket Ticket number: 1, buyer: asasasaeasas, flight: 55
2025-04-01 09:10:25,436 [1] INFO TicketRepository - Ticket saved!
2025-04-01 09:10:25,437 [1] INFO FlightDBRepository - Updating flight with Flight:55 Costa Rica suceava 17 SCV 26/03/2025 8:44:11 pm
2025-04-01 09:10:25,440 [1] INFO FlightDBRepository - Flight Flight:55 Costa Rica suceava 17 SCV 26/03/2025 8:44:11 pm has been saved
2025-04-01 09:10:26,836 [1] INFO FlightDBRepository - Finding all flights with destination, departure, and date
2025-04-01 09:10:26,934 [1] INFO FlightDBRepository - All flights have been retrieved
2025-04-01 09:10:42,399 [1] INFO FlightDBRepository - Getting all origins
2025-04-01 09:10:42,401 [1] INFO FlightDBRepository - Getting all departure
2025-04-01 09:10:42,402 [1] INFO FlightDBRepository - Getting all flights
2025-04-01 09:10:42,403 [1] INFO FlightDBRepository - All flights have been retrieved
2025-04-01 09:10:46,771 [1] INFO EmployeeDBRepository - Getting Employee with user dddd and password ddd
2025-04-01 09:10:46,772 [1] INFO EmployeeDBRepository - Entity was not found
2025-04-14 21:01:32,368 [1] INFO Networking.json.ProxyJSON - RECEIVE_FLIGHTS
2025-04-14 21:01:51,556 [1] INFO Networking.json.ProxyJSON - Request[type=OK,errorMessage=,towns=,fligts=,flightsdto=,ticket
2025-04-14 21:01:51,560 [9] DEBUG Networking.json.ProxyJSON - PROXY: Received NewTicket Notification
2025-04-14 21:01:51,565 [9] INFO MPP_WindowsForm.MainMenu - MainMenu: Received flight update event.
2025-04-14 21:01:51,567 [9] INFO MPP_WindowsForm.ClientController - Update Event called
2025-04-14 21:01:52,571 [1] INFO Networking.json.ProxyJSON - RECEIVE_FLIGHTS
2025-04-14 21:01:52,572 [1] INFO MPP_WindowsForm.MainMenu - UpdateDataGridView Called!
2025-04-15 09:54:06,982 [1] INFO Networking.json.ProxyJSON - RECEIVE_FLIGHTS
2025-04-15 09:54:44,819 [1] INFO Networking.json.ProxyJSON - Request[type=OK,errorMessage=,towns=,fligts=,flightsdto=,ticket
2025-04-15 09:54:44,827 [9] DEBUG Networking.json.ProxyJSON - PROXY: Received NewTicket Notification
2025-04-15 09:54:44,832 [9] INFO MPP_WindowsForm.MainMenu - MainMenu: Received flight update event.
2025-04-15 09:54:44,835 [9] INFO MPP_WindowsForm.ClientController - Update Event called
2025-04-15 09:54:45,825 [1] INFO Networking.json.ProxyJSON - RECEIVE_FLIGHTS
2025-04-15 09:54:45,826 [1] INFO MPP_WindowsForm.MainMenu - UpdateDataGridView Called!
2025-04-15 10:37:32,274 [1] INFO Networking.json.ProxyJSON - RECEIVE_FLIGHTS
2025-04-15 10:37:49,336 [9] DEBUG Networking.json.ProxyJSON - PROXY: Received NewTicket Notification
2025-04-15 10:37:49,342 [9] INFO MPP_WindowsForm.MainMenu - MainMenu: Received flight update event.
2025-04-15 10:37:49,345 [9] INFO MPP_WindowsForm.ClientController - Update Event called
2025-04-15 10:37:49,352 [1] INFO Networking.json.ProxyJSON - RECEIVE_FLIGHTS
2025-04-15 10:37:49,354 [1] INFO MPP_WindowsForm.MainMenu - UpdateDataGridView Called!
2025-04-15 10:38:21,147 [1] INFO Networking.json.ProxyJSON - Request[type=OK,errorMessage=,towns=,fligts=,flightsdto=,ticket
2025-04-15 10:38:21,149 [9] DEBUG Networking.json.ProxyJSON - PROXY: Received NewTicket Notification
2025-04-15 10:38:21,149 [9] INFO MPP_WindowsForm.MainMenu - MainMenu: Received flight update event.
2025-04-15 10:38:21,149 [9] INFO MPP_WindowsForm.ClientController - Update Event called
2025-04-15 10:38:22,158 [1] INFO Networking.json.ProxyJSON - RECEIVE_FLIGHTS
2025-04-15 10:38:22,158 [1] INFO MPP_WindowsForm.MainMenu - UpdateDataGridView Called!
